<?xml version="1.0" encoding="UTF-8"?>
<!-- Generated by org.testng.reporters.JUnitXMLReporter -->
<testsuite ignored="8" hostname="DESKTOP-LF0B41U" failures="0" tests="5" name="Test" time="258.86" errors="0" timestamp="04 Aug 2022 06:00:38 GMT">
  <testcase classname="vtiger_tc.TC_101_Create_Org_Test" name="orgTestCase1" time="31.504"/>
  <testcase classname="vtiger_tc.TC_102_Create_Org_DelTest" name="createOrg" time="37.129"/>
  <testcase classname="vtiger_tc.TC_103_Creat_Camp_Del_CampTest" name="createCampTest" time="25.647"/>
  <testcase classname="vtiger_tc.TC_104_Create_Cont_Del_OrgTest" name="createCont" time="18.228"/>
  <testcase classname="vtiger_tc.TC_105_Create_Org_DDTest" name="verifyIndustry" time="21.275"/>
  <testcase classname="com.genericlib.BaseClass" name="@AfterSuite closeDB" time="0.0">
    <ignored/>
  </testcase> <!-- @AfterSuite closeDB -->
  <testcase classname="com.genericlib.BaseClass" name="@AfterSuite closeDB" time="0.0">
    <ignored/>
  </testcase> <!-- @AfterSuite closeDB -->
  <testcase classname="com.genericlib.BaseClass" name="@AfterSuite closeDB" time="0.0">
    <ignored/>
  </testcase> <!-- @AfterSuite closeDB -->
  <testcase classname="com.genericlib.BaseClass" name="@AfterSuite closeDB" time="0.0">
    <ignored/>
  </testcase> <!-- @AfterSuite closeDB -->
  <testcase classname="com.genericlib.BaseClass" name="@BeforeSuite connectDB" time="0.0">
    <ignored/>
  </testcase> <!-- @BeforeSuite connectDB -->
  <testcase classname="com.genericlib.BaseClass" name="@BeforeSuite connectDB" time="0.0">
    <ignored/>
  </testcase> <!-- @BeforeSuite connectDB -->
  <testcase classname="com.genericlib.BaseClass" name="@BeforeSuite connectDB" time="0.0">
    <ignored/>
  </testcase> <!-- @BeforeSuite connectDB -->
  <testcase classname="com.genericlib.BaseClass" name="@BeforeSuite connectDB" time="0.0">
    <ignored/>
  </testcase> <!-- @BeforeSuite connectDB -->
</testsuite> <!-- Test -->
