<?xml version="1.0" encoding="UTF-8"?>
<testng-results ignored="8" total="13" passed="5" failed="0" skipped="0">
  <reporter-output>
  </reporter-output>
  <suite started-at="2022-08-04T05:56:18Z" name="Suite" finished-at="2022-08-04T06:00:37Z" duration-ms="258860">
    <groups>
      <group name="regression">
        <method signature="TC_103_Creat_Camp_Del_CampTest.createCampTest()[pri:0, instance:vtiger_tc.TC_103_Creat_Camp_Del_CampTest@37e4d7bb]" name="createCampTest" class="vtiger_tc.TC_103_Creat_Camp_Del_CampTest"/>
        <method signature="TC_104_Create_Cont_Del_OrgTest.createCont()[pri:0, instance:vtiger_tc.TC_104_Create_Cont_Del_OrgTest@6f7923a5]" name="createCont" class="vtiger_tc.TC_104_Create_Cont_Del_OrgTest"/>
      </group> <!-- regression -->
      <group name="smoke">
        <method signature="TC_101_Create_Org_Test.orgTestCase1()[pri:0, instance:vtiger_tc.TC_101_Create_Org_Test@79dc5318]" name="orgTestCase1" class="vtiger_tc.TC_101_Create_Org_Test"/>
        <method signature="TC_102_Create_Org_DelTest.createOrg()[pri:0, instance:vtiger_tc.TC_102_Create_Org_DelTest@8e50104]" name="createOrg" class="vtiger_tc.TC_102_Create_Org_DelTest"/>
        <method signature="TC_105_Create_Org_DDTest.verifyIndustry()[pri:0, instance:vtiger_tc.TC_105_Create_Org_DDTest@74a6f9c1]" name="verifyIndustry" class="vtiger_tc.TC_105_Create_Org_DDTest"/>
      </group> <!-- smoke -->
    </groups>
    <test started-at="2022-08-04T05:56:18Z" name="Test" finished-at="2022-08-04T06:00:37Z" duration-ms="258860">
      <class name="vtiger_tc.TC_102_Create_Org_DelTest">
        <test-method is-config="true" signature="lounchBrowser()[pri:0, instance:vtiger_tc.TC_102_Create_Org_DelTest@8e50104]" started-at="2022-08-04T11:27:47Z" name="lounchBrowser" finished-at="2022-08-04T11:27:55Z" duration-ms="7997" status="PASS">
          <reporter-output>
          </reporter-output>
        </test-method> <!-- lounchBrowser -->
        <test-method is-config="true" signature="login()[pri:0, instance:vtiger_tc.TC_102_Create_Org_DelTest@8e50104]" started-at="2022-08-04T11:27:55Z" name="login" finished-at="2022-08-04T11:27:59Z" duration-ms="3895" status="PASS">
          <reporter-output>
          </reporter-output>
        </test-method> <!-- login -->
        <test-method signature="createOrg()[pri:0, instance:vtiger_tc.TC_102_Create_Org_DelTest@8e50104]" started-at="2022-08-04T11:27:59Z" name="createOrg" finished-at="2022-08-04T11:28:36Z" duration-ms="37129" status="PASS">
          <reporter-output>
          </reporter-output>
        </test-method> <!-- createOrg -->
        <test-method is-config="true" signature="logout()[pri:0, instance:vtiger_tc.TC_102_Create_Org_DelTest@8e50104]" started-at="2022-08-04T11:28:36Z" name="logout" finished-at="2022-08-04T11:28:42Z" duration-ms="6049" status="PASS">
          <reporter-output>
          </reporter-output>
        </test-method> <!-- logout -->
        <test-method is-config="true" signature="closeBrowser()[pri:0, instance:vtiger_tc.TC_102_Create_Org_DelTest@8e50104]" started-at="2022-08-04T11:28:42Z" name="closeBrowser" finished-at="2022-08-04T11:28:42Z" duration-ms="92" status="PASS">
          <reporter-output>
          </reporter-output>
        </test-method> <!-- closeBrowser -->
      </class> <!-- vtiger_tc.TC_102_Create_Org_DelTest -->
      <class name="vtiger_tc.TC_103_Creat_Camp_Del_CampTest">
        <test-method is-config="true" signature="lounchBrowser()[pri:0, instance:vtiger_tc.TC_103_Creat_Camp_Del_CampTest@37e4d7bb]" started-at="2022-08-04T11:28:42Z" name="lounchBrowser" finished-at="2022-08-04T11:28:51Z" duration-ms="8457" status="PASS">
          <reporter-output>
          </reporter-output>
        </test-method> <!-- lounchBrowser -->
        <test-method is-config="true" signature="login()[pri:0, instance:vtiger_tc.TC_103_Creat_Camp_Del_CampTest@37e4d7bb]" started-at="2022-08-04T11:28:51Z" name="login" finished-at="2022-08-04T11:28:53Z" duration-ms="2210" status="PASS">
          <reporter-output>
          </reporter-output>
        </test-method> <!-- login -->
        <test-method signature="createCampTest()[pri:0, instance:vtiger_tc.TC_103_Creat_Camp_Del_CampTest@37e4d7bb]" started-at="2022-08-04T11:28:53Z" name="createCampTest" finished-at="2022-08-04T11:29:19Z" duration-ms="25647" status="PASS">
          <reporter-output>
          </reporter-output>
        </test-method> <!-- createCampTest -->
        <test-method is-config="true" signature="logout()[pri:0, instance:vtiger_tc.TC_103_Creat_Camp_Del_CampTest@37e4d7bb]" started-at="2022-08-04T11:29:19Z" name="logout" finished-at="2022-08-04T11:29:25Z" duration-ms="5870" status="PASS">
          <reporter-output>
          </reporter-output>
        </test-method> <!-- logout -->
        <test-method is-config="true" signature="closeBrowser()[pri:0, instance:vtiger_tc.TC_103_Creat_Camp_Del_CampTest@37e4d7bb]" started-at="2022-08-04T11:29:25Z" name="closeBrowser" finished-at="2022-08-04T11:29:25Z" duration-ms="75" status="PASS">
          <reporter-output>
          </reporter-output>
        </test-method> <!-- closeBrowser -->
      </class> <!-- vtiger_tc.TC_103_Creat_Camp_Del_CampTest -->
      <class name="vtiger_tc.TC_104_Create_Cont_Del_OrgTest">
        <test-method is-config="true" signature="lounchBrowser()[pri:0, instance:vtiger_tc.TC_104_Create_Cont_Del_OrgTest@6f7923a5]" started-at="2022-08-04T11:29:25Z" name="lounchBrowser" finished-at="2022-08-04T11:29:34Z" duration-ms="8585" status="PASS">
          <reporter-output>
          </reporter-output>
        </test-method> <!-- lounchBrowser -->
        <test-method is-config="true" signature="login()[pri:0, instance:vtiger_tc.TC_104_Create_Cont_Del_OrgTest@6f7923a5]" started-at="2022-08-04T11:29:34Z" name="login" finished-at="2022-08-04T11:29:36Z" duration-ms="2313" status="PASS">
          <reporter-output>
          </reporter-output>
        </test-method> <!-- login -->
        <test-method signature="createCont()[pri:0, instance:vtiger_tc.TC_104_Create_Cont_Del_OrgTest@6f7923a5]" started-at="2022-08-04T11:29:36Z" name="createCont" finished-at="2022-08-04T11:29:54Z" duration-ms="18228" status="PASS">
          <reporter-output>
          </reporter-output>
        </test-method> <!-- createCont -->
        <test-method is-config="true" signature="logout()[pri:0, instance:vtiger_tc.TC_104_Create_Cont_Del_OrgTest@6f7923a5]" started-at="2022-08-04T11:29:54Z" name="logout" finished-at="2022-08-04T11:30:00Z" duration-ms="5469" status="PASS">
          <reporter-output>
          </reporter-output>
        </test-method> <!-- logout -->
        <test-method is-config="true" signature="closeBrowser()[pri:0, instance:vtiger_tc.TC_104_Create_Cont_Del_OrgTest@6f7923a5]" started-at="2022-08-04T11:30:00Z" name="closeBrowser" finished-at="2022-08-04T11:30:00Z" duration-ms="94" status="PASS">
          <reporter-output>
          </reporter-output>
        </test-method> <!-- closeBrowser -->
      </class> <!-- vtiger_tc.TC_104_Create_Cont_Del_OrgTest -->
      <class name="vtiger_tc.TC_101_Create_Org_Test">
        <test-method is-config="true" signature="connectDB()[pri:0, instance:vtiger_tc.TC_101_Create_Org_Test@79dc5318]" started-at="2022-08-04T11:26:18Z" name="connectDB" finished-at="2022-08-04T11:26:18Z" duration-ms="6" status="PASS">
          <reporter-output>
          </reporter-output>
        </test-method> <!-- connectDB -->
        <test-method is-config="true" signature="lounchBrowser()[pri:0, instance:vtiger_tc.TC_101_Create_Org_Test@79dc5318]" started-at="2022-08-04T11:26:19Z" name="lounchBrowser" finished-at="2022-08-04T11:26:46Z" duration-ms="27115" status="PASS">
          <reporter-output>
          </reporter-output>
        </test-method> <!-- lounchBrowser -->
        <test-method is-config="true" signature="login()[pri:0, instance:vtiger_tc.TC_101_Create_Org_Test@79dc5318]" started-at="2022-08-04T11:26:46Z" name="login" finished-at="2022-08-04T11:27:01Z" duration-ms="14902" status="PASS">
          <reporter-output>
          </reporter-output>
        </test-method> <!-- login -->
        <test-method signature="orgTestCase1()[pri:0, instance:vtiger_tc.TC_101_Create_Org_Test@79dc5318]" started-at="2022-08-04T11:27:01Z" name="orgTestCase1" finished-at="2022-08-04T11:27:32Z" duration-ms="31504" status="PASS">
          <reporter-output>
          </reporter-output>
        </test-method> <!-- orgTestCase1 -->
        <test-method is-config="true" signature="logout()[pri:0, instance:vtiger_tc.TC_101_Create_Org_Test@79dc5318]" started-at="2022-08-04T11:27:40Z" name="logout" finished-at="2022-08-04T11:27:46Z" duration-ms="6395" status="PASS">
          <reporter-output>
          </reporter-output>
        </test-method> <!-- logout -->
        <test-method is-config="true" signature="closeBrowser()[pri:0, instance:vtiger_tc.TC_101_Create_Org_Test@79dc5318]" started-at="2022-08-04T11:27:46Z" name="closeBrowser" finished-at="2022-08-04T11:27:47Z" duration-ms="540" status="PASS">
          <reporter-output>
          </reporter-output>
        </test-method> <!-- closeBrowser -->
        <test-method is-config="true" signature="closeDB()[pri:0, instance:vtiger_tc.TC_101_Create_Org_Test@79dc5318]" started-at="2022-08-04T11:30:38Z" name="closeDB" finished-at="2022-08-04T11:30:38Z" duration-ms="1" status="PASS">
          <reporter-output>
          </reporter-output>
        </test-method> <!-- closeDB -->
      </class> <!-- vtiger_tc.TC_101_Create_Org_Test -->
      <class name="vtiger_tc.TC_105_Create_Org_DDTest">
        <test-method is-config="true" signature="lounchBrowser()[pri:0, instance:vtiger_tc.TC_105_Create_Org_DDTest@74a6f9c1]" started-at="2022-08-04T11:30:00Z" name="lounchBrowser" finished-at="2022-08-04T11:30:08Z" duration-ms="7910" status="PASS">
          <reporter-output>
          </reporter-output>
        </test-method> <!-- lounchBrowser -->
        <test-method is-config="true" signature="login()[pri:0, instance:vtiger_tc.TC_105_Create_Org_DDTest@74a6f9c1]" started-at="2022-08-04T11:30:08Z" name="login" finished-at="2022-08-04T11:30:10Z" duration-ms="2263" status="PASS">
          <reporter-output>
          </reporter-output>
        </test-method> <!-- login -->
        <test-method signature="verifyIndustry()[pri:0, instance:vtiger_tc.TC_105_Create_Org_DDTest@74a6f9c1]" started-at="2022-08-04T11:30:10Z" name="verifyIndustry" finished-at="2022-08-04T11:30:31Z" duration-ms="21275" status="PASS">
          <reporter-output>
          </reporter-output>
        </test-method> <!-- verifyIndustry -->
        <test-method is-config="true" signature="logout()[pri:0, instance:vtiger_tc.TC_105_Create_Org_DDTest@74a6f9c1]" started-at="2022-08-04T11:30:32Z" name="logout" finished-at="2022-08-04T11:30:37Z" duration-ms="5429" status="PASS">
          <reporter-output>
          </reporter-output>
        </test-method> <!-- logout -->
        <test-method is-config="true" signature="closeBrowser()[pri:0, instance:vtiger_tc.TC_105_Create_Org_DDTest@74a6f9c1]" started-at="2022-08-04T11:30:37Z" name="closeBrowser" finished-at="2022-08-04T11:30:37Z" duration-ms="75" status="PASS">
          <reporter-output>
          </reporter-output>
        </test-method> <!-- closeBrowser -->
      </class> <!-- vtiger_tc.TC_105_Create_Org_DDTest -->
    </test> <!-- Test -->
  </suite> <!-- Suite -->
</testng-results>
